Arguments: 
  C:\Program Files\nodejs\node.exe C:\Users\rthom\AppData\Roaming\npm\node_modules\yarn\bin\yarn.js add mine-types

PATH: 
  C:\Program Files\Microsoft\jdk-11.0.12.7-hotspot\bin;C:\Program Files (x86)\VMware\VMware Workstation\bin\;C:\WINDOWS\system32;C:\WINDOWS;C:\WINDOWS\System32\Wbem;C:\WINDOWS\System32\WindowsPowerShell\v1.0\;C:\WINDOWS\System32\OpenSSH\;C:\Program Files\Acer ProShield\;C:\Program Files\Acer ProShield\x86;C:\Program Files\Azure Data Studio\bin;C:\Program Files\Microsoft SQL Server\Client SDK\ODBC\170\Tools\Binn\;C:\Program Files (x86)\Microsoft SQL Server\150\Tools\Binn\;C:\Program Files\Microsoft SQL Server\150\Tools\Binn\;C:\Program Files\Microsoft SQL Server\150\DTS\Binn\;C:\Program Files\Microsoft SQL Server\130\Tools\Binn\;C:\Program Files\PuTTY\;C:\Users\rthom\Apache24\bin\;C:\Program Files\dotnet\;C:\WINDOWS\system32;C:\WINDOWS;C:\WINDOWS\System32\Wbem;C:\WINDOWS\System32\WindowsPowerShell\v1.0\;C:\WINDOWS\System32\OpenSSH\;C:\Program Files\Git\cmd;C:\Program Files\nodejs\;C:\ProgramData\chocolatey\bin;C:\Program Files (x86)\Microsoft SQL Server\160\Tools\Binn\;C:\Program Files\Microsoft SQL Server\160\Tools\Binn\;C:\Program Files\Microsoft SQL Server\160\DTS\Binn\;C:\Program Files (x86)\Microsoft SQL Server\160\DTS\Binn\;C:\Users\rthom\AppData\Local\Programs\Python\Python310\Scripts\;C:\Users\rthom\AppData\Local\Programs\Python\Python310\;C:\Users\rthom\AppData\Local\Microsoft\WindowsApps;C:\Program Files\Azure Data Studio\bin;C:\Users\rthom\CodeBlocks\MinGW\bin;C:\Users\rthom\.dotnet\tools;;C:\Program Files\JetBrains\WebStorm 2022.3.2\bin;;C:\Users\rthom\AppData\Roaming\npm;C:\Program Files\JetBrains\PyCharm Community Edition 2022.3.2\bin;;C:\Users\rthom\Documents\Webd6201-14724\node_modules\.bin

Yarn version: 
  1.22.19

Node version: 
  18.13.0

Platform: 
  win32 x64

Trace: 
  Error: https://registry.yarnpkg.com/mine-types: Not found
      at params.callback [as _callback] (C:\Users\rthom\AppData\Roaming\npm\node_modules\yarn\lib\cli.js:66145:18)
      at self.callback (C:\Users\rthom\AppData\Roaming\npm\node_modules\yarn\lib\cli.js:140890:22)
      at Request.emit (node:events:513:28)
      at Request.<anonymous> (C:\Users\rthom\AppData\Roaming\npm\node_modules\yarn\lib\cli.js:141862:10)
      at Request.emit (node:events:513:28)
      at IncomingMessage.<anonymous> (C:\Users\rthom\AppData\Roaming\npm\node_modules\yarn\lib\cli.js:141784:12)
      at Object.onceWrapper (node:events:627:28)
      at IncomingMessage.emit (node:events:525:35)
      at endReadableNT (node:internal/streams/readable:1359:12)
      at process.processTicksAndRejections (node:internal/process/task_queues:82:21)

npm manifest: 
  {
    "name": "week10-ice5",
    "version": "1.0.0",
    "main": "server.ts",
    "scripts": {
      "start": "node server.js"
    },
    "repository": "https://github.com/Rthompson07/Rthompson07.github.io",
    "author": "Rhys Thompson <rhys.thompson@dcmail.ca>",
    "license": "MIT",
    "dependencies": {
      "@fortawesome/fontawesome-free": "^6.2.1",
      "@popperjs/core": "^2.11.6",
      "bootstrap": "^5.2.3",
      "jquery": "^3.6.3"
    }
  }

yarn manifest: 
  No manifest

Lockfile: 
  # THIS IS AN AUTOGENERATED FILE. DO NOT EDIT THIS FILE DIRECTLY.
  # yarn lockfile v1
  
  
  "@fortawesome/fontawesome-free@^6.2.1":
    version "6.2.1"
    resolved "https://registry.npmjs.org/@fortawesome/fontawesome-free/-/fontawesome-free-6.2.1.tgz"
    integrity sha512-viouXhegu/TjkvYQoiRZK3aax69dGXxgEjpvZW81wIJdxm5Fnvp3VVIP4VHKqX4SvFw6qpmkILkD4RJWAdrt7A==
  
  "@popperjs/core@^2.11.6":
    version "2.11.6"
    resolved "https://registry.npmjs.org/@popperjs/core/-/core-2.11.6.tgz"
    integrity sha512-50/17A98tWUfQ176raKiOGXuYpLyyVMkxxG6oylzL3BPOlA6ADGdK7EYunSa4I064xerltq9TGXs8HmOk5E+vw==
  
  bootstrap@^5.2.3:
    version "5.2.3"
    resolved "https://registry.npmjs.org/bootstrap/-/bootstrap-5.2.3.tgz"
    integrity sha512-cEKPM+fwb3cT8NzQZYEu4HilJ3anCrWqh3CHAok1p9jXqMPsPTBhU25fBckEJHJ/p+tTxTFTsFQGM+gaHpi3QQ==
  
  jquery@^3.6.3:
    version "3.6.3"
    resolved "https://registry.npmjs.org/jquery/-/jquery-3.6.3.tgz"
    integrity sha512-bZ5Sy3YzKo9Fyc8wH2iIQK4JImJ6R0GWI9kL1/k7Z91ZBNgkRXE6U0JfHIizZbort8ZunhSI3jw9I6253ahKfg==
